<?xml version="1.0" encoding="UTF-8"?>
<testng-results ignored="0" total="1" passed="1" failed="0" skipped="0">
  <reporter-output>
  </reporter-output>
  <suite started-at="2025-02-04T22:31:31 IST" name="Default suite" finished-at="2025-02-04T22:31:35 IST" duration-ms="4033">
    <groups>
    </groups>
    <test started-at="2025-02-04T22:31:31 IST" name="Default test" finished-at="2025-02-04T22:31:35 IST" duration-ms="4033">
      <class name="RestAssured.Http_Requests">
        <test-method signature="request()[pri:0, instance:RestAssured.Http_Requests@6fdbe764]" started-at="2025-02-04T22:31:31 IST" name="request" finished-at="2025-02-04T22:31:35 IST" duration-ms="3997" status="PASS">
          <reporter-output>
          </reporter-output>
        </test-method> <!-- request -->
      </class> <!-- RestAssured.Http_Requests -->
    </test> <!-- Default test -->
  </suite> <!-- Default suite -->
</testng-results>
